<?xml version="1.0" encoding="UTF-8"?>
<testsuites name="SignInInvalid" time="381.113" tests="5" failures="0" errors="0">
   <testsuite name="SignInInvalid" tests="5" failures="0" errors="0" time="381.113" skipped="0" timestamp="2022-12-21 17:12:20" hostname="User - LAPTOP-N3L575R3" id="Test Suites/SignInInvalid">
      <properties>
         <property name="deviceName" value="emulator-5554 (AOSP on IA Emulator - Android 9)"/>
         <property name="devicePlatform" value=""/>
         <property name="logFolder" value="D:\\Kuliah\\semester 7\\KATALON\\Capstone Project\\Mobile-Automation\\Reports\\20221221_171216\\SignInInvalid\\20221221_171216"/>
         <property name="logFiles" value="D:\\Kuliah\\semester 7\\KATALON\\Capstone Project\\Mobile-Automation\\Reports\\20221221_171216\\SignInInvalid\\20221221_171216\\appium.log, D:\\Kuliah\\semester 7\\KATALON\\Capstone Project\\Mobile-Automation\\Reports\\20221221_171216\\SignInInvalid\\20221221_171216\\execution0.log"/>
         <property name="attachments" value="D:\\Kuliah\\semester 7\\KATALON\\Capstone Project\\Mobile-Automation\\Reports\\20221221_171216\\SignInInvalid\\20221221_171216\\1671617827031.png"/>
         <property name="hostName" value="User - LAPTOP-N3L575R3"/>
         <property name="os" value="Windows 10 64bit"/>
         <property name="appiumServerStatus" value="{&quot;value&quot;:{&quot;build&quot;:{&quot;version&quot;:&quot;1.22.3&quot;}},&quot;sessionId&quot;:null,&quot;status&quot;:0}"/>
         <property name="katalonVersion" value="8.5.5.208"/>
         <property name="deviceOS" value="Android"/>
         <property name="appiumVersion" value="1.22.3"/>
         <property name="deviceModel" value="AOSP on IA Emulator"/>
         <property name="hostAddress" value="192.168.43.87"/>
         <property name="deviceManufacturer" value="Google"/>
         <property name="deviceId" value="emulator-5554"/>
         <property name="deviceName" value="emulator-5554 (AOSP on IA Emulator - Android 9)"/>
         <property name="deviceOSVersion" value="9"/>
      </properties>
      <testcase name="Test Cases/A_Authentication/TC_00_SignIn Invalid" time="71.699" classname="Test Cases/A_Authentication/TC_00_SignIn Invalid" status="PASSED">
         <system-out><![CDATA[2022-12-21 17:12:20 - [TEST_CASE][PASSED] - Test Cases/A_Authentication/TC_00_SignIn Invalid: Test Cases/A_Authentication/TC_00_SignIn Invalid

2022-12-21 17:12:21 - [TEST_STEP][PASSED] - startApplication("C:\Users\User\Downloads\Mediclinic v.1.0.10.apk", true): Started app at: 'C:\Users\User\Downloads\Mediclinic v.1.0.10.apk'

2022-12-21 17:12:23 - [MESSAGE][INFO] - Detected NodeJS location: "C:\Program Files\nodejs\node.exe"

2022-12-21 17:12:26 - [MESSAGE][INFO] - Appium server started on port 50,879

2022-12-21 17:12:59 - [MESSAGE][PASSED] - Started app at: 'C:\Users\User\Downloads\Mediclinic v.1.0.10.apk'

2022-12-21 17:12:59 - [TEST_STEP][PASSED] - tap(findTestObject("Object Repository/invalid1/SignIn/android.view.View"), 0): Tapped on element 'Object Repository/invalid1/SignIn/android.view.View'

2022-12-21 17:12:59 - [MESSAGE][WARNING] - Timeout '0' is invalid. Using default page load timeout: '30'

2022-12-21 17:13:02 - [MESSAGE][PASSED] - Tapped on element 'Object Repository/invalid1/SignIn/android.view.View'

2022-12-21 17:13:02 - [TEST_STEP][PASSED] - tap(findTestObject("invalid1/invalid/Button_SplashScreen_SignIn"), 0): Tapped on element 'Object Repository/invalid1/invalid/Button_SplashScreen_SignIn'

2022-12-21 17:13:03 - [MESSAGE][WARNING] - Timeout '0' is invalid. Using default page load timeout: '30'

2022-12-21 17:13:03 - [MESSAGE][PASSED] - Tapped on element 'Object Repository/invalid1/invalid/Button_SplashScreen_SignIn'

2022-12-21 17:13:03 - [TEST_STEP][PASSED] - tap(findTestObject("Invalid_SignIn_And_SignUp/Field_Email_Default_SignIn"), 0): Tapped on element 'Object Repository/Invalid_SignIn_And_SignUp/Field_Email_Default_SignIn'

2022-12-21 17:13:03 - [MESSAGE][WARNING] - Timeout '0' is invalid. Using default page load timeout: '30'

2022-12-21 17:13:05 - [MESSAGE][PASSED] - Tapped on element 'Object Repository/Invalid_SignIn_And_SignUp/Field_Email_Default_SignIn'

2022-12-21 17:13:05 - [TEST_STEP][PASSED] - setText(findTestObject("Invalid_SignIn_And_SignUp/Field_Email_Default_SignIn"), email, 0): Text '' has been set to element 'Object Repository/Invalid_SignIn_And_SignUp/Field_Email_Default_SignIn'

2022-12-21 17:13:06 - [MESSAGE][WARNING] - Timeout '0' is invalid. Using default page load timeout: '30'

2022-12-21 17:13:07 - [MESSAGE][PASSED] - Text '' has been set to element 'Object Repository/Invalid_SignIn_And_SignUp/Field_Email_Default_SignIn'

2022-12-21 17:13:07 - [TEST_STEP][PASSED] - hideKeyboard(): Keyboard is hidden

2022-12-21 17:13:11 - [MESSAGE][PASSED] - Keyboard is hidden

2022-12-21 17:13:11 - [TEST_STEP][PASSED] - tap(findTestObject("Invalid_SignIn_And_SignUp/Field_Password_Default_SignIn"), 0): Tapped on element 'Object Repository/Invalid_SignIn_And_SignUp/Field_Password_Default_SignIn'

2022-12-21 17:13:11 - [MESSAGE][WARNING] - Timeout '0' is invalid. Using default page load timeout: '30'

2022-12-21 17:13:12 - [MESSAGE][PASSED] - Tapped on element 'Object Repository/Invalid_SignIn_And_SignUp/Field_Password_Default_SignIn'

2022-12-21 17:13:12 - [TEST_STEP][PASSED] - setText(findTestObject("Invalid_SignIn_And_SignUp/Field_Password_Default_SignIn"), password, 0): Text 'dd' has been set to element 'Object Repository/Invalid_SignIn_And_SignUp/Field_Password_Default_SignIn'

2022-12-21 17:13:12 - [MESSAGE][WARNING] - Timeout '0' is invalid. Using default page load timeout: '30'

2022-12-21 17:13:15 - [MESSAGE][PASSED] - Text 'dd' has been set to element 'Object Repository/Invalid_SignIn_And_SignUp/Field_Password_Default_SignIn'

2022-12-21 17:13:15 - [TEST_STEP][PASSED] - hideKeyboard(): Keyboard is hidden

2022-12-21 17:13:18 - [MESSAGE][PASSED] - Keyboard is hidden

2022-12-21 17:13:18 - [TEST_STEP][PASSED] - tap(findTestObject("Invalid_SignIn_And_SignUp/Button_SignIn_byAttribut"), 0): Tapped on element 'Object Repository/Invalid_SignIn_And_SignUp/Button_SignIn_byAttribut'

2022-12-21 17:13:18 - [MESSAGE][WARNING] - Timeout '0' is invalid. Using default page load timeout: '30'

2022-12-21 17:13:18 - [MESSAGE][PASSED] - Tapped on element 'Object Repository/Invalid_SignIn_And_SignUp/Button_SignIn_byAttribut'

2022-12-21 17:13:18 - [TEST_STEP][PASSED] - delay(5, STOP_ON_FAILURE): Delayed 5 second(s)

2022-12-21 17:13:23 - [MESSAGE][PASSED] - Delayed 5 second(s)

2022-12-21 17:13:23 - [TEST_STEP][PASSED] - datafile = findTestData("Data Files/InvalidSignIn"): null

2022-12-21 17:13:26 - [TEST_STEP][PASSED] - for ([Row = 1, Row <= datafile.getRowNumbers(), (Row++)]): Element 'Object Repository/Invalid_SignIn_And_SignUp/Text_Password Length_SignIn' is visible

2022-12-21 17:13:26 - [TEST_STEP][PASSED] - if (email == ""): Element 'Object Repository/Invalid_SignIn_And_SignUp/Text_Email Empty_SignIn' is visible

2022-12-21 17:13:26 - [TEST_STEP][PASSED] - verifyElementVisible(findTestObject("Invalid_SignIn_And_SignUp/Text_Email Empty_SignIn"), 0): Element 'Object Repository/Invalid_SignIn_And_SignUp/Text_Email Empty_SignIn' is visible

2022-12-21 17:13:26 - [MESSAGE][WARNING] - Timeout '0' is invalid. Using default page load timeout: '30'

2022-12-21 17:13:27 - [MESSAGE][PASSED] - Element 'Object Repository/Invalid_SignIn_And_SignUp/Text_Email Empty_SignIn' is visible

2022-12-21 17:13:27 - [TEST_STEP][PASSED] - if (password == ""): null

2022-12-21 17:13:27 - [TEST_STEP][PASSED] - else if (password.length() < 5): Element 'Object Repository/Invalid_SignIn_And_SignUp/Text_Password Length_SignIn' is visible

2022-12-21 17:13:27 - [TEST_STEP][PASSED] - verifyElementVisible(findTestObject("Invalid_SignIn_And_SignUp/Text_Password Length_SignIn"), 0): Element 'Object Repository/Invalid_SignIn_And_SignUp/Text_Password Length_SignIn' is visible

2022-12-21 17:13:27 - [MESSAGE][WARNING] - Timeout '0' is invalid. Using default page load timeout: '30'

2022-12-21 17:13:28 - [MESSAGE][PASSED] - Element 'Object Repository/Invalid_SignIn_And_SignUp/Text_Password Length_SignIn' is visible

2022-12-21 17:13:28 - [TEST_STEP][PASSED] - if (email == ""): Element 'Object Repository/Invalid_SignIn_And_SignUp/Text_Email Empty_SignIn' is visible

2022-12-21 17:13:28 - [TEST_STEP][PASSED] - verifyElementVisible(findTestObject("Invalid_SignIn_And_SignUp/Text_Email Empty_SignIn"), 0): Element 'Object Repository/Invalid_SignIn_And_SignUp/Text_Email Empty_SignIn' is visible

2022-12-21 17:13:28 - [MESSAGE][WARNING] - Timeout '0' is invalid. Using default page load timeout: '30'

2022-12-21 17:13:28 - [MESSAGE][PASSED] - Element 'Object Repository/Invalid_SignIn_And_SignUp/Text_Email Empty_SignIn' is visible

2022-12-21 17:13:28 - [TEST_STEP][PASSED] - if (password == ""): null

2022-12-21 17:13:28 - [TEST_STEP][PASSED] - else if (password.length() < 5): Element 'Object Repository/Invalid_SignIn_And_SignUp/Text_Password Length_SignIn' is visible

2022-12-21 17:13:28 - [TEST_STEP][PASSED] - verifyElementVisible(findTestObject("Invalid_SignIn_And_SignUp/Text_Password Length_SignIn"), 0): Element 'Object Repository/Invalid_SignIn_And_SignUp/Text_Password Length_SignIn' is visible

2022-12-21 17:13:28 - [MESSAGE][WARNING] - Timeout '0' is invalid. Using default page load timeout: '30'

2022-12-21 17:13:29 - [MESSAGE][PASSED] - Element 'Object Repository/Invalid_SignIn_And_SignUp/Text_Password Length_SignIn' is visible

2022-12-21 17:13:29 - [TEST_STEP][PASSED] - if (email == ""): Element 'Object Repository/Invalid_SignIn_And_SignUp/Text_Email Empty_SignIn' is visible

2022-12-21 17:13:29 - [TEST_STEP][PASSED] - verifyElementVisible(findTestObject("Invalid_SignIn_And_SignUp/Text_Email Empty_SignIn"), 0): Element 'Object Repository/Invalid_SignIn_And_SignUp/Text_Email Empty_SignIn' is visible

2022-12-21 17:13:29 - [MESSAGE][WARNING] - Timeout '0' is invalid. Using default page load timeout: '30'

2022-12-21 17:13:29 - [MESSAGE][PASSED] - Element 'Object Repository/Invalid_SignIn_And_SignUp/Text_Email Empty_SignIn' is visible

2022-12-21 17:13:29 - [TEST_STEP][PASSED] - if (password == ""): null

2022-12-21 17:13:29 - [TEST_STEP][PASSED] - else if (password.length() < 5): Element 'Object Repository/Invalid_SignIn_And_SignUp/Text_Password Length_SignIn' is visible

2022-12-21 17:13:29 - [TEST_STEP][PASSED] - verifyElementVisible(findTestObject("Invalid_SignIn_And_SignUp/Text_Password Length_SignIn"), 0): Element 'Object Repository/Invalid_SignIn_And_SignUp/Text_Password Length_SignIn' is visible

2022-12-21 17:13:29 - [MESSAGE][WARNING] - Timeout '0' is invalid. Using default page load timeout: '30'

2022-12-21 17:13:30 - [MESSAGE][PASSED] - Element 'Object Repository/Invalid_SignIn_And_SignUp/Text_Password Length_SignIn' is visible

2022-12-21 17:13:30 - [TEST_STEP][PASSED] - if (email == ""): Element 'Object Repository/Invalid_SignIn_And_SignUp/Text_Email Empty_SignIn' is visible

2022-12-21 17:13:30 - [TEST_STEP][PASSED] - verifyElementVisible(findTestObject("Invalid_SignIn_And_SignUp/Text_Email Empty_SignIn"), 0): Element 'Object Repository/Invalid_SignIn_And_SignUp/Text_Email Empty_SignIn' is visible

2022-12-21 17:13:30 - [MESSAGE][WARNING] - Timeout '0' is invalid. Using default page load timeout: '30'

2022-12-21 17:13:30 - [MESSAGE][PASSED] - Element 'Object Repository/Invalid_SignIn_And_SignUp/Text_Email Empty_SignIn' is visible

2022-12-21 17:13:30 - [TEST_STEP][PASSED] - if (password == ""): null

2022-12-21 17:13:30 - [TEST_STEP][PASSED] - else if (password.length() < 5): Element 'Object Repository/Invalid_SignIn_And_SignUp/Text_Password Length_SignIn' is visible

2022-12-21 17:13:30 - [TEST_STEP][PASSED] - verifyElementVisible(findTestObject("Invalid_SignIn_And_SignUp/Text_Password Length_SignIn"), 0): Element 'Object Repository/Invalid_SignIn_And_SignUp/Text_Password Length_SignIn' is visible

2022-12-21 17:13:30 - [MESSAGE][WARNING] - Timeout '0' is invalid. Using default page load timeout: '30'

2022-12-21 17:13:31 - [MESSAGE][PASSED] - Element 'Object Repository/Invalid_SignIn_And_SignUp/Text_Password Length_SignIn' is visible

2022-12-21 17:13:31 - [TEST_STEP][PASSED] - if (email == ""): Element 'Object Repository/Invalid_SignIn_And_SignUp/Text_Email Empty_SignIn' is visible

2022-12-21 17:13:31 - [TEST_STEP][PASSED] - verifyElementVisible(findTestObject("Invalid_SignIn_And_SignUp/Text_Email Empty_SignIn"), 0): Element 'Object Repository/Invalid_SignIn_And_SignUp/Text_Email Empty_SignIn' is visible

2022-12-21 17:13:31 - [MESSAGE][WARNING] - Timeout '0' is invalid. Using default page load timeout: '30'

2022-12-21 17:13:31 - [MESSAGE][PASSED] - Element 'Object Repository/Invalid_SignIn_And_SignUp/Text_Email Empty_SignIn' is visible

2022-12-21 17:13:31 - [TEST_STEP][PASSED] - if (password == ""): null

2022-12-21 17:13:31 - [TEST_STEP][PASSED] - else if (password.length() < 5): Element 'Object Repository/Invalid_SignIn_And_SignUp/Text_Password Length_SignIn' is visible

2022-12-21 17:13:31 - [TEST_STEP][PASSED] - verifyElementVisible(findTestObject("Invalid_SignIn_And_SignUp/Text_Password Length_SignIn"), 0): Element 'Object Repository/Invalid_SignIn_And_SignUp/Text_Password Length_SignIn' is visible

2022-12-21 17:13:31 - [MESSAGE][WARNING] - Timeout '0' is invalid. Using default page load timeout: '30'

2022-12-21 17:13:32 - [MESSAGE][PASSED] - Element 'Object Repository/Invalid_SignIn_And_SignUp/Text_Password Length_SignIn' is visible]]></system-out>
         <system-err><![CDATA[]]></system-err>
      </testcase>
      <testcase name="Test Cases/A_Authentication/TC_00_SignIn Invalid" time="59.124" classname="Test Cases/A_Authentication/TC_00_SignIn Invalid" status="PASSED">
         <system-out><![CDATA[2022-12-21 17:13:32 - [TEST_CASE][PASSED] - Test Cases/A_Authentication/TC_00_SignIn Invalid: Test Cases/A_Authentication/TC_00_SignIn Invalid

2022-12-21 17:13:32 - [TEST_STEP][PASSED] - startApplication("C:\Users\User\Downloads\Mediclinic v.1.0.10.apk", true): Started app at: 'C:\Users\User\Downloads\Mediclinic v.1.0.10.apk'

2022-12-21 17:14:06 - [MESSAGE][PASSED] - Started app at: 'C:\Users\User\Downloads\Mediclinic v.1.0.10.apk'

2022-12-21 17:14:06 - [TEST_STEP][PASSED] - tap(findTestObject("Object Repository/invalid1/SignIn/android.view.View"), 0): Tapped on element 'Object Repository/invalid1/SignIn/android.view.View'

2022-12-21 17:14:06 - [MESSAGE][WARNING] - Timeout '0' is invalid. Using default page load timeout: '30'

2022-12-21 17:14:08 - [MESSAGE][PASSED] - Tapped on element 'Object Repository/invalid1/SignIn/android.view.View'

2022-12-21 17:14:08 - [TEST_STEP][PASSED] - tap(findTestObject("invalid1/invalid/Button_SplashScreen_SignIn"), 0): Tapped on element 'Object Repository/invalid1/invalid/Button_SplashScreen_SignIn'

2022-12-21 17:14:09 - [MESSAGE][WARNING] - Timeout '0' is invalid. Using default page load timeout: '30'

2022-12-21 17:14:11 - [MESSAGE][PASSED] - Tapped on element 'Object Repository/invalid1/invalid/Button_SplashScreen_SignIn'

2022-12-21 17:14:11 - [TEST_STEP][PASSED] - tap(findTestObject("Invalid_SignIn_And_SignUp/Field_Email_Default_SignIn"), 0): Tapped on element 'Object Repository/Invalid_SignIn_And_SignUp/Field_Email_Default_SignIn'

2022-12-21 17:14:11 - [MESSAGE][WARNING] - Timeout '0' is invalid. Using default page load timeout: '30'

2022-12-21 17:14:14 - [MESSAGE][PASSED] - Tapped on element 'Object Repository/Invalid_SignIn_And_SignUp/Field_Email_Default_SignIn'

2022-12-21 17:14:14 - [TEST_STEP][PASSED] - setText(findTestObject("Invalid_SignIn_And_SignUp/Field_Email_Default_SignIn"), email, 0): Text '' has been set to element 'Object Repository/Invalid_SignIn_And_SignUp/Field_Email_Default_SignIn'

2022-12-21 17:14:14 - [MESSAGE][WARNING] - Timeout '0' is invalid. Using default page load timeout: '30'

2022-12-21 17:14:16 - [MESSAGE][PASSED] - Text '' has been set to element 'Object Repository/Invalid_SignIn_And_SignUp/Field_Email_Default_SignIn'

2022-12-21 17:14:16 - [TEST_STEP][PASSED] - hideKeyboard(): Keyboard is hidden

2022-12-21 17:14:18 - [MESSAGE][PASSED] - Keyboard is hidden

2022-12-21 17:14:18 - [TEST_STEP][PASSED] - tap(findTestObject("Invalid_SignIn_And_SignUp/Field_Password_Default_SignIn"), 0): Tapped on element 'Object Repository/Invalid_SignIn_And_SignUp/Field_Password_Default_SignIn'

2022-12-21 17:14:18 - [MESSAGE][WARNING] - Timeout '0' is invalid. Using default page load timeout: '30'

2022-12-21 17:14:19 - [MESSAGE][PASSED] - Tapped on element 'Object Repository/Invalid_SignIn_And_SignUp/Field_Password_Default_SignIn'

2022-12-21 17:14:19 - [TEST_STEP][PASSED] - setText(findTestObject("Invalid_SignIn_And_SignUp/Field_Password_Default_SignIn"), password, 0): Text 'admin' has been set to element 'Object Repository/Invalid_SignIn_And_SignUp/Field_Password_Default_SignIn'

2022-12-21 17:14:19 - [MESSAGE][WARNING] - Timeout '0' is invalid. Using default page load timeout: '30'

2022-12-21 17:14:20 - [MESSAGE][PASSED] - Text 'admin' has been set to element 'Object Repository/Invalid_SignIn_And_SignUp/Field_Password_Default_SignIn'

2022-12-21 17:14:20 - [TEST_STEP][PASSED] - hideKeyboard(): Keyboard is hidden

2022-12-21 17:14:23 - [MESSAGE][PASSED] - Keyboard is hidden

2022-12-21 17:14:23 - [TEST_STEP][PASSED] - tap(findTestObject("Invalid_SignIn_And_SignUp/Button_SignIn_byAttribut"), 0): Tapped on element 'Object Repository/Invalid_SignIn_And_SignUp/Button_SignIn_byAttribut'

2022-12-21 17:14:23 - [MESSAGE][WARNING] - Timeout '0' is invalid. Using default page load timeout: '30'

2022-12-21 17:14:23 - [MESSAGE][PASSED] - Tapped on element 'Object Repository/Invalid_SignIn_And_SignUp/Button_SignIn_byAttribut'

2022-12-21 17:14:23 - [TEST_STEP][PASSED] - delay(5, STOP_ON_FAILURE): Delayed 5 second(s)

2022-12-21 17:14:28 - [MESSAGE][PASSED] - Delayed 5 second(s)

2022-12-21 17:14:28 - [TEST_STEP][PASSED] - datafile = findTestData("Data Files/InvalidSignIn"): null

2022-12-21 17:14:29 - [TEST_STEP][PASSED] - for ([Row = 1, Row <= datafile.getRowNumbers(), (Row++)]): null

2022-12-21 17:14:29 - [TEST_STEP][PASSED] - if (email == ""): Element 'Object Repository/Invalid_SignIn_And_SignUp/Text_Email Empty_SignIn' is visible

2022-12-21 17:14:29 - [TEST_STEP][PASSED] - verifyElementVisible(findTestObject("Invalid_SignIn_And_SignUp/Text_Email Empty_SignIn"), 0): Element 'Object Repository/Invalid_SignIn_And_SignUp/Text_Email Empty_SignIn' is visible

2022-12-21 17:14:29 - [MESSAGE][WARNING] - Timeout '0' is invalid. Using default page load timeout: '30'

2022-12-21 17:14:29 - [MESSAGE][PASSED] - Element 'Object Repository/Invalid_SignIn_And_SignUp/Text_Email Empty_SignIn' is visible

2022-12-21 17:14:29 - [TEST_STEP][PASSED] - if (password == ""): null

2022-12-21 17:14:29 - [TEST_STEP][PASSED] - if (email == ""): Element 'Object Repository/Invalid_SignIn_And_SignUp/Text_Email Empty_SignIn' is visible

2022-12-21 17:14:29 - [TEST_STEP][PASSED] - verifyElementVisible(findTestObject("Invalid_SignIn_And_SignUp/Text_Email Empty_SignIn"), 0): Element 'Object Repository/Invalid_SignIn_And_SignUp/Text_Email Empty_SignIn' is visible

2022-12-21 17:14:29 - [MESSAGE][WARNING] - Timeout '0' is invalid. Using default page load timeout: '30'

2022-12-21 17:14:30 - [MESSAGE][PASSED] - Element 'Object Repository/Invalid_SignIn_And_SignUp/Text_Email Empty_SignIn' is visible

2022-12-21 17:14:30 - [TEST_STEP][PASSED] - if (password == ""): null

2022-12-21 17:14:30 - [TEST_STEP][PASSED] - if (email == ""): Element 'Object Repository/Invalid_SignIn_And_SignUp/Text_Email Empty_SignIn' is visible

2022-12-21 17:14:30 - [TEST_STEP][PASSED] - verifyElementVisible(findTestObject("Invalid_SignIn_And_SignUp/Text_Email Empty_SignIn"), 0): Element 'Object Repository/Invalid_SignIn_And_SignUp/Text_Email Empty_SignIn' is visible

2022-12-21 17:14:30 - [MESSAGE][WARNING] - Timeout '0' is invalid. Using default page load timeout: '30'

2022-12-21 17:14:30 - [MESSAGE][PASSED] - Element 'Object Repository/Invalid_SignIn_And_SignUp/Text_Email Empty_SignIn' is visible

2022-12-21 17:14:30 - [TEST_STEP][PASSED] - if (password == ""): null

2022-12-21 17:14:30 - [TEST_STEP][PASSED] - if (email == ""): Element 'Object Repository/Invalid_SignIn_And_SignUp/Text_Email Empty_SignIn' is visible

2022-12-21 17:14:30 - [TEST_STEP][PASSED] - verifyElementVisible(findTestObject("Invalid_SignIn_And_SignUp/Text_Email Empty_SignIn"), 0): Element 'Object Repository/Invalid_SignIn_And_SignUp/Text_Email Empty_SignIn' is visible

2022-12-21 17:14:30 - [MESSAGE][WARNING] - Timeout '0' is invalid. Using default page load timeout: '30'

2022-12-21 17:14:30 - [MESSAGE][PASSED] - Element 'Object Repository/Invalid_SignIn_And_SignUp/Text_Email Empty_SignIn' is visible

2022-12-21 17:14:30 - [TEST_STEP][PASSED] - if (password == ""): null

2022-12-21 17:14:30 - [TEST_STEP][PASSED] - if (email == ""): Element 'Object Repository/Invalid_SignIn_And_SignUp/Text_Email Empty_SignIn' is visible

2022-12-21 17:14:30 - [TEST_STEP][PASSED] - verifyElementVisible(findTestObject("Invalid_SignIn_And_SignUp/Text_Email Empty_SignIn"), 0): Element 'Object Repository/Invalid_SignIn_And_SignUp/Text_Email Empty_SignIn' is visible

2022-12-21 17:14:31 - [MESSAGE][WARNING] - Timeout '0' is invalid. Using default page load timeout: '30'

2022-12-21 17:14:31 - [MESSAGE][PASSED] - Element 'Object Repository/Invalid_SignIn_And_SignUp/Text_Email Empty_SignIn' is visible

2022-12-21 17:14:31 - [TEST_STEP][PASSED] - if (password == ""): null]]></system-out>
         <system-err><![CDATA[]]></system-err>
      </testcase>
      <testcase name="Test Cases/A_Authentication/TC_00_SignIn Invalid" time="46.31" classname="Test Cases/A_Authentication/TC_00_SignIn Invalid" status="PASSED">
         <system-out><![CDATA[2022-12-21 17:14:31 - [TEST_CASE][PASSED] - Test Cases/A_Authentication/TC_00_SignIn Invalid: Test Cases/A_Authentication/TC_00_SignIn Invalid

2022-12-21 17:14:31 - [TEST_STEP][PASSED] - startApplication("C:\Users\User\Downloads\Mediclinic v.1.0.10.apk", true): Started app at: 'C:\Users\User\Downloads\Mediclinic v.1.0.10.apk'

2022-12-21 17:14:51 - [MESSAGE][PASSED] - Started app at: 'C:\Users\User\Downloads\Mediclinic v.1.0.10.apk'

2022-12-21 17:14:51 - [TEST_STEP][PASSED] - tap(findTestObject("Object Repository/invalid1/SignIn/android.view.View"), 0): Tapped on element 'Object Repository/invalid1/SignIn/android.view.View'

2022-12-21 17:14:51 - [MESSAGE][WARNING] - Timeout '0' is invalid. Using default page load timeout: '30'

2022-12-21 17:14:53 - [MESSAGE][PASSED] - Tapped on element 'Object Repository/invalid1/SignIn/android.view.View'

2022-12-21 17:14:53 - [TEST_STEP][PASSED] - tap(findTestObject("invalid1/invalid/Button_SplashScreen_SignIn"), 0): Tapped on element 'Object Repository/invalid1/invalid/Button_SplashScreen_SignIn'

2022-12-21 17:14:54 - [MESSAGE][WARNING] - Timeout '0' is invalid. Using default page load timeout: '30'

2022-12-21 17:14:55 - [MESSAGE][PASSED] - Tapped on element 'Object Repository/invalid1/invalid/Button_SplashScreen_SignIn'

2022-12-21 17:14:55 - [TEST_STEP][PASSED] - tap(findTestObject("Invalid_SignIn_And_SignUp/Field_Email_Default_SignIn"), 0): Tapped on element 'Object Repository/Invalid_SignIn_And_SignUp/Field_Email_Default_SignIn'

2022-12-21 17:14:56 - [MESSAGE][WARNING] - Timeout '0' is invalid. Using default page load timeout: '30'

2022-12-21 17:14:58 - [MESSAGE][PASSED] - Tapped on element 'Object Repository/Invalid_SignIn_And_SignUp/Field_Email_Default_SignIn'

2022-12-21 17:14:58 - [TEST_STEP][PASSED] - setText(findTestObject("Invalid_SignIn_And_SignUp/Field_Email_Default_SignIn"), email, 0): Text 'ssds' has been set to element 'Object Repository/Invalid_SignIn_And_SignUp/Field_Email_Default_SignIn'

2022-12-21 17:14:59 - [MESSAGE][WARNING] - Timeout '0' is invalid. Using default page load timeout: '30'

2022-12-21 17:15:01 - [MESSAGE][PASSED] - Text 'ssds' has been set to element 'Object Repository/Invalid_SignIn_And_SignUp/Field_Email_Default_SignIn'

2022-12-21 17:15:01 - [TEST_STEP][PASSED] - hideKeyboard(): Keyboard is hidden

2022-12-21 17:15:03 - [MESSAGE][PASSED] - Keyboard is hidden

2022-12-21 17:15:03 - [TEST_STEP][PASSED] - tap(findTestObject("Invalid_SignIn_And_SignUp/Field_Password_Default_SignIn"), 0): Tapped on element 'Object Repository/Invalid_SignIn_And_SignUp/Field_Password_Default_SignIn'

2022-12-21 17:15:04 - [MESSAGE][WARNING] - Timeout '0' is invalid. Using default page load timeout: '30'

2022-12-21 17:15:04 - [MESSAGE][PASSED] - Tapped on element 'Object Repository/Invalid_SignIn_And_SignUp/Field_Password_Default_SignIn'

2022-12-21 17:15:04 - [TEST_STEP][PASSED] - setText(findTestObject("Invalid_SignIn_And_SignUp/Field_Password_Default_SignIn"), password, 0): Text 'dd' has been set to element 'Object Repository/Invalid_SignIn_And_SignUp/Field_Password_Default_SignIn'

2022-12-21 17:15:04 - [MESSAGE][WARNING] - Timeout '0' is invalid. Using default page load timeout: '30'

2022-12-21 17:15:06 - [MESSAGE][PASSED] - Text 'dd' has been set to element 'Object Repository/Invalid_SignIn_And_SignUp/Field_Password_Default_SignIn'

2022-12-21 17:15:06 - [TEST_STEP][PASSED] - hideKeyboard(): Keyboard is hidden

2022-12-21 17:15:09 - [MESSAGE][PASSED] - Keyboard is hidden

2022-12-21 17:15:09 - [TEST_STEP][PASSED] - tap(findTestObject("Invalid_SignIn_And_SignUp/Button_SignIn_byAttribut"), 0): Tapped on element 'Object Repository/Invalid_SignIn_And_SignUp/Button_SignIn_byAttribut'

2022-12-21 17:15:09 - [MESSAGE][WARNING] - Timeout '0' is invalid. Using default page load timeout: '30'

2022-12-21 17:15:09 - [MESSAGE][PASSED] - Tapped on element 'Object Repository/Invalid_SignIn_And_SignUp/Button_SignIn_byAttribut'

2022-12-21 17:15:09 - [TEST_STEP][PASSED] - delay(5, STOP_ON_FAILURE): Delayed 5 second(s)

2022-12-21 17:15:14 - [MESSAGE][PASSED] - Delayed 5 second(s)

2022-12-21 17:15:14 - [TEST_STEP][PASSED] - datafile = findTestData("Data Files/InvalidSignIn"): null

2022-12-21 17:15:14 - [TEST_STEP][PASSED] - for ([Row = 1, Row <= datafile.getRowNumbers(), (Row++)]): Element 'Object Repository/Invalid_SignIn_And_SignUp/Text_Password Length_SignIn' is visible

2022-12-21 17:15:14 - [TEST_STEP][PASSED] - if (email == ""): null

2022-12-21 17:15:14 - [TEST_STEP][PASSED] - else if (email.contains("@gmail.com") || email.contains("@hms.com") == false): Element 'Object Repository/Invalid_SignIn_And_SignUp/Text_Email Invalid_Sign In' is visible

2022-12-21 17:15:14 - [TEST_STEP][PASSED] - verifyElementVisible(findTestObject("Invalid_SignIn_And_SignUp/Text_Email Invalid_Sign In"), 0): Element 'Object Repository/Invalid_SignIn_And_SignUp/Text_Email Invalid_Sign In' is visible

2022-12-21 17:15:15 - [MESSAGE][WARNING] - Timeout '0' is invalid. Using default page load timeout: '30'

2022-12-21 17:15:15 - [MESSAGE][PASSED] - Element 'Object Repository/Invalid_SignIn_And_SignUp/Text_Email Invalid_Sign In' is visible

2022-12-21 17:15:15 - [TEST_STEP][PASSED] - if (password == ""): null

2022-12-21 17:15:15 - [TEST_STEP][PASSED] - else if (password.length() < 5): Element 'Object Repository/Invalid_SignIn_And_SignUp/Text_Password Length_SignIn' is visible

2022-12-21 17:15:15 - [TEST_STEP][PASSED] - verifyElementVisible(findTestObject("Invalid_SignIn_And_SignUp/Text_Password Length_SignIn"), 0): Element 'Object Repository/Invalid_SignIn_And_SignUp/Text_Password Length_SignIn' is visible

2022-12-21 17:15:15 - [MESSAGE][WARNING] - Timeout '0' is invalid. Using default page load timeout: '30'

2022-12-21 17:15:15 - [MESSAGE][PASSED] - Element 'Object Repository/Invalid_SignIn_And_SignUp/Text_Password Length_SignIn' is visible

2022-12-21 17:15:15 - [TEST_STEP][PASSED] - if (email == ""): null

2022-12-21 17:15:15 - [TEST_STEP][PASSED] - else if (email.contains("@gmail.com") || email.contains("@hms.com") == false): Element 'Object Repository/Invalid_SignIn_And_SignUp/Text_Email Invalid_Sign In' is visible

2022-12-21 17:15:15 - [TEST_STEP][PASSED] - verifyElementVisible(findTestObject("Invalid_SignIn_And_SignUp/Text_Email Invalid_Sign In"), 0): Element 'Object Repository/Invalid_SignIn_And_SignUp/Text_Email Invalid_Sign In' is visible

2022-12-21 17:15:15 - [MESSAGE][WARNING] - Timeout '0' is invalid. Using default page load timeout: '30'

2022-12-21 17:15:15 - [MESSAGE][PASSED] - Element 'Object Repository/Invalid_SignIn_And_SignUp/Text_Email Invalid_Sign In' is visible

2022-12-21 17:15:15 - [TEST_STEP][PASSED] - if (password == ""): null

2022-12-21 17:15:15 - [TEST_STEP][PASSED] - else if (password.length() < 5): Element 'Object Repository/Invalid_SignIn_And_SignUp/Text_Password Length_SignIn' is visible

2022-12-21 17:15:15 - [TEST_STEP][PASSED] - verifyElementVisible(findTestObject("Invalid_SignIn_And_SignUp/Text_Password Length_SignIn"), 0): Element 'Object Repository/Invalid_SignIn_And_SignUp/Text_Password Length_SignIn' is visible

2022-12-21 17:15:15 - [MESSAGE][WARNING] - Timeout '0' is invalid. Using default page load timeout: '30'

2022-12-21 17:15:16 - [MESSAGE][PASSED] - Element 'Object Repository/Invalid_SignIn_And_SignUp/Text_Password Length_SignIn' is visible

2022-12-21 17:15:16 - [TEST_STEP][PASSED] - if (email == ""): null

2022-12-21 17:15:16 - [TEST_STEP][PASSED] - else if (email.contains("@gmail.com") || email.contains("@hms.com") == false): Element 'Object Repository/Invalid_SignIn_And_SignUp/Text_Email Invalid_Sign In' is visible

2022-12-21 17:15:16 - [TEST_STEP][PASSED] - verifyElementVisible(findTestObject("Invalid_SignIn_And_SignUp/Text_Email Invalid_Sign In"), 0): Element 'Object Repository/Invalid_SignIn_And_SignUp/Text_Email Invalid_Sign In' is visible

2022-12-21 17:15:16 - [MESSAGE][WARNING] - Timeout '0' is invalid. Using default page load timeout: '30'

2022-12-21 17:15:16 - [MESSAGE][PASSED] - Element 'Object Repository/Invalid_SignIn_And_SignUp/Text_Email Invalid_Sign In' is visible

2022-12-21 17:15:16 - [TEST_STEP][PASSED] - if (password == ""): null

2022-12-21 17:15:16 - [TEST_STEP][PASSED] - else if (password.length() < 5): Element 'Object Repository/Invalid_SignIn_And_SignUp/Text_Password Length_SignIn' is visible

2022-12-21 17:15:16 - [TEST_STEP][PASSED] - verifyElementVisible(findTestObject("Invalid_SignIn_And_SignUp/Text_Password Length_SignIn"), 0): Element 'Object Repository/Invalid_SignIn_And_SignUp/Text_Password Length_SignIn' is visible

2022-12-21 17:15:16 - [MESSAGE][WARNING] - Timeout '0' is invalid. Using default page load timeout: '30'

2022-12-21 17:15:16 - [MESSAGE][PASSED] - Element 'Object Repository/Invalid_SignIn_And_SignUp/Text_Password Length_SignIn' is visible

2022-12-21 17:15:16 - [TEST_STEP][PASSED] - if (email == ""): null

2022-12-21 17:15:16 - [TEST_STEP][PASSED] - else if (email.contains("@gmail.com") || email.contains("@hms.com") == false): Element 'Object Repository/Invalid_SignIn_And_SignUp/Text_Email Invalid_Sign In' is visible

2022-12-21 17:15:16 - [TEST_STEP][PASSED] - verifyElementVisible(findTestObject("Invalid_SignIn_And_SignUp/Text_Email Invalid_Sign In"), 0): Element 'Object Repository/Invalid_SignIn_And_SignUp/Text_Email Invalid_Sign In' is visible

2022-12-21 17:15:16 - [MESSAGE][WARNING] - Timeout '0' is invalid. Using default page load timeout: '30'

2022-12-21 17:15:16 - [MESSAGE][PASSED] - Element 'Object Repository/Invalid_SignIn_And_SignUp/Text_Email Invalid_Sign In' is visible

2022-12-21 17:15:16 - [TEST_STEP][PASSED] - if (password == ""): null

2022-12-21 17:15:16 - [TEST_STEP][PASSED] - else if (password.length() < 5): Element 'Object Repository/Invalid_SignIn_And_SignUp/Text_Password Length_SignIn' is visible

2022-12-21 17:15:16 - [TEST_STEP][PASSED] - verifyElementVisible(findTestObject("Invalid_SignIn_And_SignUp/Text_Password Length_SignIn"), 0): Element 'Object Repository/Invalid_SignIn_And_SignUp/Text_Password Length_SignIn' is visible

2022-12-21 17:15:16 - [MESSAGE][WARNING] - Timeout '0' is invalid. Using default page load timeout: '30'

2022-12-21 17:15:17 - [MESSAGE][PASSED] - Element 'Object Repository/Invalid_SignIn_And_SignUp/Text_Password Length_SignIn' is visible

2022-12-21 17:15:17 - [TEST_STEP][PASSED] - if (email == ""): null

2022-12-21 17:15:17 - [TEST_STEP][PASSED] - else if (email.contains("@gmail.com") || email.contains("@hms.com") == false): Element 'Object Repository/Invalid_SignIn_And_SignUp/Text_Email Invalid_Sign In' is visible

2022-12-21 17:15:17 - [TEST_STEP][PASSED] - verifyElementVisible(findTestObject("Invalid_SignIn_And_SignUp/Text_Email Invalid_Sign In"), 0): Element 'Object Repository/Invalid_SignIn_And_SignUp/Text_Email Invalid_Sign In' is visible

2022-12-21 17:15:17 - [MESSAGE][WARNING] - Timeout '0' is invalid. Using default page load timeout: '30'

2022-12-21 17:15:17 - [MESSAGE][PASSED] - Element 'Object Repository/Invalid_SignIn_And_SignUp/Text_Email Invalid_Sign In' is visible

2022-12-21 17:15:17 - [TEST_STEP][PASSED] - if (password == ""): null

2022-12-21 17:15:17 - [TEST_STEP][PASSED] - else if (password.length() < 5): Element 'Object Repository/Invalid_SignIn_And_SignUp/Text_Password Length_SignIn' is visible

2022-12-21 17:15:17 - [TEST_STEP][PASSED] - verifyElementVisible(findTestObject("Invalid_SignIn_And_SignUp/Text_Password Length_SignIn"), 0): Element 'Object Repository/Invalid_SignIn_And_SignUp/Text_Password Length_SignIn' is visible

2022-12-21 17:15:17 - [MESSAGE][WARNING] - Timeout '0' is invalid. Using default page load timeout: '30'

2022-12-21 17:15:17 - [MESSAGE][PASSED] - Element 'Object Repository/Invalid_SignIn_And_SignUp/Text_Password Length_SignIn' is visible]]></system-out>
         <system-err><![CDATA[]]></system-err>
      </testcase>
      <testcase name="Test Cases/A_Authentication/TC_00_SignIn Invalid" time="53.469" classname="Test Cases/A_Authentication/TC_00_SignIn Invalid" status="PASSED">
         <system-out><![CDATA[2022-12-21 17:17:08 - [TEST_CASE][PASSED] - Test Cases/A_Authentication/TC_00_SignIn Invalid: Test Cases/A_Authentication/TC_00_SignIn Invalid

2022-12-21 17:17:08 - [TEST_STEP][PASSED] - startApplication("C:\Users\User\Downloads\Mediclinic v.1.0.10.apk", true): Started app at: 'C:\Users\User\Downloads\Mediclinic v.1.0.10.apk'

2022-12-21 17:17:37 - [MESSAGE][PASSED] - Started app at: 'C:\Users\User\Downloads\Mediclinic v.1.0.10.apk'

2022-12-21 17:17:37 - [TEST_STEP][PASSED] - tap(findTestObject("Object Repository/invalid1/SignIn/android.view.View"), 0): Tapped on element 'Object Repository/invalid1/SignIn/android.view.View'

2022-12-21 17:17:37 - [MESSAGE][WARNING] - Timeout '0' is invalid. Using default page load timeout: '30'

2022-12-21 17:17:38 - [MESSAGE][PASSED] - Tapped on element 'Object Repository/invalid1/SignIn/android.view.View'

2022-12-21 17:17:38 - [TEST_STEP][PASSED] - tap(findTestObject("invalid1/invalid/Button_SplashScreen_SignIn"), 0): Tapped on element 'Object Repository/invalid1/invalid/Button_SplashScreen_SignIn'

2022-12-21 17:17:38 - [MESSAGE][WARNING] - Timeout '0' is invalid. Using default page load timeout: '30'

2022-12-21 17:17:41 - [MESSAGE][PASSED] - Tapped on element 'Object Repository/invalid1/invalid/Button_SplashScreen_SignIn'

2022-12-21 17:17:41 - [TEST_STEP][PASSED] - tap(findTestObject("Invalid_SignIn_And_SignUp/Field_Email_Default_SignIn"), 0): Tapped on element 'Object Repository/Invalid_SignIn_And_SignUp/Field_Email_Default_SignIn'

2022-12-21 17:17:41 - [MESSAGE][WARNING] - Timeout '0' is invalid. Using default page load timeout: '30'

2022-12-21 17:17:44 - [MESSAGE][PASSED] - Tapped on element 'Object Repository/Invalid_SignIn_And_SignUp/Field_Email_Default_SignIn'

2022-12-21 17:17:44 - [TEST_STEP][PASSED] - setText(findTestObject("Invalid_SignIn_And_SignUp/Field_Email_Default_SignIn"), email, 0): Text 'admin@hms.com' has been set to element 'Object Repository/Invalid_SignIn_And_SignUp/Field_Email_Default_SignIn'

2022-12-21 17:17:44 - [MESSAGE][WARNING] - Timeout '0' is invalid. Using default page load timeout: '30'

2022-12-21 17:17:46 - [MESSAGE][PASSED] - Text 'admin@hms.com' has been set to element 'Object Repository/Invalid_SignIn_And_SignUp/Field_Email_Default_SignIn'

2022-12-21 17:17:46 - [TEST_STEP][PASSED] - hideKeyboard(): Keyboard is hidden

2022-12-21 17:17:49 - [MESSAGE][PASSED] - Keyboard is hidden

2022-12-21 17:17:49 - [TEST_STEP][PASSED] - tap(findTestObject("Invalid_SignIn_And_SignUp/Field_Password_Default_SignIn"), 0): Tapped on element 'Object Repository/Invalid_SignIn_And_SignUp/Field_Password_Default_SignIn'

2022-12-21 17:17:49 - [MESSAGE][WARNING] - Timeout '0' is invalid. Using default page load timeout: '30'

2022-12-21 17:17:50 - [MESSAGE][PASSED] - Tapped on element 'Object Repository/Invalid_SignIn_And_SignUp/Field_Password_Default_SignIn'

2022-12-21 17:17:50 - [TEST_STEP][PASSED] - setText(findTestObject("Invalid_SignIn_And_SignUp/Field_Password_Default_SignIn"), password, 0): Text 'dd' has been set to element 'Object Repository/Invalid_SignIn_And_SignUp/Field_Password_Default_SignIn'

2022-12-21 17:17:50 - [MESSAGE][WARNING] - Timeout '0' is invalid. Using default page load timeout: '30'

2022-12-21 17:17:51 - [MESSAGE][PASSED] - Text 'dd' has been set to element 'Object Repository/Invalid_SignIn_And_SignUp/Field_Password_Default_SignIn'

2022-12-21 17:17:51 - [TEST_STEP][PASSED] - hideKeyboard(): Keyboard is hidden

2022-12-21 17:17:54 - [MESSAGE][PASSED] - Keyboard is hidden

2022-12-21 17:17:54 - [TEST_STEP][PASSED] - tap(findTestObject("Invalid_SignIn_And_SignUp/Button_SignIn_byAttribut"), 0): Tapped on element 'Object Repository/Invalid_SignIn_And_SignUp/Button_SignIn_byAttribut'

2022-12-21 17:17:54 - [MESSAGE][WARNING] - Timeout '0' is invalid. Using default page load timeout: '30'

2022-12-21 17:17:54 - [MESSAGE][PASSED] - Tapped on element 'Object Repository/Invalid_SignIn_And_SignUp/Button_SignIn_byAttribut'

2022-12-21 17:17:54 - [TEST_STEP][PASSED] - delay(5, STOP_ON_FAILURE): Delayed 5 second(s)

2022-12-21 17:17:59 - [MESSAGE][PASSED] - Delayed 5 second(s)

2022-12-21 17:17:59 - [TEST_STEP][PASSED] - datafile = findTestData("Data Files/InvalidSignIn"): null

2022-12-21 17:18:00 - [TEST_STEP][PASSED] - for ([Row = 1, Row <= datafile.getRowNumbers(), (Row++)]): Element 'Object Repository/Invalid_SignIn_And_SignUp/Text_Password Length_SignIn' is visible

2022-12-21 17:18:00 - [TEST_STEP][PASSED] - if (email == ""): null

2022-12-21 17:18:00 - [TEST_STEP][PASSED] - if (password == ""): null

2022-12-21 17:18:00 - [TEST_STEP][PASSED] - else if (password.length() < 5): Element 'Object Repository/Invalid_SignIn_And_SignUp/Text_Password Length_SignIn' is visible

2022-12-21 17:18:00 - [TEST_STEP][PASSED] - verifyElementVisible(findTestObject("Invalid_SignIn_And_SignUp/Text_Password Length_SignIn"), 0): Element 'Object Repository/Invalid_SignIn_And_SignUp/Text_Password Length_SignIn' is visible

2022-12-21 17:18:00 - [MESSAGE][WARNING] - Timeout '0' is invalid. Using default page load timeout: '30'

2022-12-21 17:18:00 - [MESSAGE][PASSED] - Element 'Object Repository/Invalid_SignIn_And_SignUp/Text_Password Length_SignIn' is visible

2022-12-21 17:18:00 - [TEST_STEP][PASSED] - if (email == ""): null

2022-12-21 17:18:00 - [TEST_STEP][PASSED] - if (password == ""): null

2022-12-21 17:18:00 - [TEST_STEP][PASSED] - else if (password.length() < 5): Element 'Object Repository/Invalid_SignIn_And_SignUp/Text_Password Length_SignIn' is visible

2022-12-21 17:18:00 - [TEST_STEP][PASSED] - verifyElementVisible(findTestObject("Invalid_SignIn_And_SignUp/Text_Password Length_SignIn"), 0): Element 'Object Repository/Invalid_SignIn_And_SignUp/Text_Password Length_SignIn' is visible

2022-12-21 17:18:00 - [MESSAGE][WARNING] - Timeout '0' is invalid. Using default page load timeout: '30'

2022-12-21 17:18:01 - [MESSAGE][PASSED] - Element 'Object Repository/Invalid_SignIn_And_SignUp/Text_Password Length_SignIn' is visible

2022-12-21 17:18:01 - [TEST_STEP][PASSED] - if (email == ""): null

2022-12-21 17:18:01 - [TEST_STEP][PASSED] - if (password == ""): null

2022-12-21 17:18:01 - [TEST_STEP][PASSED] - else if (password.length() < 5): Element 'Object Repository/Invalid_SignIn_And_SignUp/Text_Password Length_SignIn' is visible

2022-12-21 17:18:01 - [TEST_STEP][PASSED] - verifyElementVisible(findTestObject("Invalid_SignIn_And_SignUp/Text_Password Length_SignIn"), 0): Element 'Object Repository/Invalid_SignIn_And_SignUp/Text_Password Length_SignIn' is visible

2022-12-21 17:18:01 - [MESSAGE][WARNING] - Timeout '0' is invalid. Using default page load timeout: '30'

2022-12-21 17:18:01 - [MESSAGE][PASSED] - Element 'Object Repository/Invalid_SignIn_And_SignUp/Text_Password Length_SignIn' is visible

2022-12-21 17:18:01 - [TEST_STEP][PASSED] - if (email == ""): null

2022-12-21 17:18:01 - [TEST_STEP][PASSED] - if (password == ""): null

2022-12-21 17:18:01 - [TEST_STEP][PASSED] - else if (password.length() < 5): Element 'Object Repository/Invalid_SignIn_And_SignUp/Text_Password Length_SignIn' is visible

2022-12-21 17:18:01 - [TEST_STEP][PASSED] - verifyElementVisible(findTestObject("Invalid_SignIn_And_SignUp/Text_Password Length_SignIn"), 0): Element 'Object Repository/Invalid_SignIn_And_SignUp/Text_Password Length_SignIn' is visible

2022-12-21 17:18:01 - [MESSAGE][WARNING] - Timeout '0' is invalid. Using default page load timeout: '30'

2022-12-21 17:18:01 - [MESSAGE][PASSED] - Element 'Object Repository/Invalid_SignIn_And_SignUp/Text_Password Length_SignIn' is visible

2022-12-21 17:18:01 - [TEST_STEP][PASSED] - if (email == ""): null

2022-12-21 17:18:01 - [TEST_STEP][PASSED] - if (password == ""): null

2022-12-21 17:18:01 - [TEST_STEP][PASSED] - else if (password.length() < 5): Element 'Object Repository/Invalid_SignIn_And_SignUp/Text_Password Length_SignIn' is visible

2022-12-21 17:18:01 - [TEST_STEP][PASSED] - verifyElementVisible(findTestObject("Invalid_SignIn_And_SignUp/Text_Password Length_SignIn"), 0): Element 'Object Repository/Invalid_SignIn_And_SignUp/Text_Password Length_SignIn' is visible

2022-12-21 17:18:01 - [MESSAGE][WARNING] - Timeout '0' is invalid. Using default page load timeout: '30'

2022-12-21 17:18:01 - [MESSAGE][PASSED] - Element 'Object Repository/Invalid_SignIn_And_SignUp/Text_Password Length_SignIn' is visible]]></system-out>
         <system-err><![CDATA[]]></system-err>
      </testcase>
      <testcase name="Test Cases/A_Authentication/TC_00_SignIn Invalid" time="39.4" classname="Test Cases/A_Authentication/TC_00_SignIn Invalid" status="PASSED">
         <system-out><![CDATA[2022-12-21 17:18:01 - [TEST_CASE][PASSED] - Test Cases/A_Authentication/TC_00_SignIn Invalid: Test Cases/A_Authentication/TC_00_SignIn Invalid

2022-12-21 17:18:01 - [TEST_STEP][PASSED] - startApplication("C:\Users\User\Downloads\Mediclinic v.1.0.10.apk", true): Started app at: 'C:\Users\User\Downloads\Mediclinic v.1.0.10.apk'

2022-12-21 17:18:21 - [MESSAGE][PASSED] - Started app at: 'C:\Users\User\Downloads\Mediclinic v.1.0.10.apk'

2022-12-21 17:18:21 - [TEST_STEP][PASSED] - tap(findTestObject("Object Repository/invalid1/SignIn/android.view.View"), 0): Tapped on element 'Object Repository/invalid1/SignIn/android.view.View'

2022-12-21 17:18:21 - [MESSAGE][WARNING] - Timeout '0' is invalid. Using default page load timeout: '30'

2022-12-21 17:18:23 - [MESSAGE][PASSED] - Tapped on element 'Object Repository/invalid1/SignIn/android.view.View'

2022-12-21 17:18:23 - [TEST_STEP][PASSED] - tap(findTestObject("invalid1/invalid/Button_SplashScreen_SignIn"), 0): Tapped on element 'Object Repository/invalid1/invalid/Button_SplashScreen_SignIn'

2022-12-21 17:18:23 - [MESSAGE][WARNING] - Timeout '0' is invalid. Using default page load timeout: '30'

2022-12-21 17:18:25 - [MESSAGE][PASSED] - Tapped on element 'Object Repository/invalid1/invalid/Button_SplashScreen_SignIn'

2022-12-21 17:18:25 - [TEST_STEP][PASSED] - tap(findTestObject("Invalid_SignIn_And_SignUp/Field_Email_Default_SignIn"), 0): Tapped on element 'Object Repository/Invalid_SignIn_And_SignUp/Field_Email_Default_SignIn'

2022-12-21 17:18:25 - [MESSAGE][WARNING] - Timeout '0' is invalid. Using default page load timeout: '30'

2022-12-21 17:18:27 - [MESSAGE][PASSED] - Tapped on element 'Object Repository/Invalid_SignIn_And_SignUp/Field_Email_Default_SignIn'

2022-12-21 17:18:27 - [TEST_STEP][PASSED] - setText(findTestObject("Invalid_SignIn_And_SignUp/Field_Email_Default_SignIn"), email, 0): Text 'admin@hms.com' has been set to element 'Object Repository/Invalid_SignIn_And_SignUp/Field_Email_Default_SignIn'

2022-12-21 17:18:27 - [MESSAGE][WARNING] - Timeout '0' is invalid. Using default page load timeout: '30'

2022-12-21 17:18:28 - [MESSAGE][PASSED] - Text 'admin@hms.com' has been set to element 'Object Repository/Invalid_SignIn_And_SignUp/Field_Email_Default_SignIn'

2022-12-21 17:18:28 - [TEST_STEP][PASSED] - hideKeyboard(): Keyboard is hidden

2022-12-21 17:18:29 - [MESSAGE][PASSED] - Keyboard is hidden

2022-12-21 17:18:29 - [TEST_STEP][PASSED] - tap(findTestObject("Invalid_SignIn_And_SignUp/Field_Password_Default_SignIn"), 0): Tapped on element 'Object Repository/Invalid_SignIn_And_SignUp/Field_Password_Default_SignIn'

2022-12-21 17:18:29 - [MESSAGE][WARNING] - Timeout '0' is invalid. Using default page load timeout: '30'

2022-12-21 17:18:30 - [MESSAGE][PASSED] - Tapped on element 'Object Repository/Invalid_SignIn_And_SignUp/Field_Password_Default_SignIn'

2022-12-21 17:18:30 - [TEST_STEP][PASSED] - setText(findTestObject("Invalid_SignIn_And_SignUp/Field_Password_Default_SignIn"), password, 0): Text 'sss' has been set to element 'Object Repository/Invalid_SignIn_And_SignUp/Field_Password_Default_SignIn'

2022-12-21 17:18:30 - [MESSAGE][WARNING] - Timeout '0' is invalid. Using default page load timeout: '30'

2022-12-21 17:18:31 - [MESSAGE][PASSED] - Text 'sss' has been set to element 'Object Repository/Invalid_SignIn_And_SignUp/Field_Password_Default_SignIn'

2022-12-21 17:18:31 - [TEST_STEP][PASSED] - hideKeyboard(): Keyboard is hidden

2022-12-21 17:18:33 - [MESSAGE][PASSED] - Keyboard is hidden

2022-12-21 17:18:33 - [TEST_STEP][PASSED] - tap(findTestObject("Invalid_SignIn_And_SignUp/Button_SignIn_byAttribut"), 0): Tapped on element 'Object Repository/Invalid_SignIn_And_SignUp/Button_SignIn_byAttribut'

2022-12-21 17:18:34 - [MESSAGE][WARNING] - Timeout '0' is invalid. Using default page load timeout: '30'

2022-12-21 17:18:34 - [MESSAGE][PASSED] - Tapped on element 'Object Repository/Invalid_SignIn_And_SignUp/Button_SignIn_byAttribut'

2022-12-21 17:18:34 - [TEST_STEP][PASSED] - delay(5, STOP_ON_FAILURE): Delayed 5 second(s)

2022-12-21 17:18:39 - [MESSAGE][PASSED] - Delayed 5 second(s)

2022-12-21 17:18:39 - [TEST_STEP][PASSED] - datafile = findTestData("Data Files/InvalidSignIn"): null

2022-12-21 17:18:39 - [TEST_STEP][PASSED] - for ([Row = 1, Row <= datafile.getRowNumbers(), (Row++)]): Element 'Object Repository/Invalid_SignIn_And_SignUp/Text_Password Length_SignIn' is visible

2022-12-21 17:18:39 - [TEST_STEP][PASSED] - if (email == ""): null

2022-12-21 17:18:39 - [TEST_STEP][PASSED] - if (password == ""): null

2022-12-21 17:18:39 - [TEST_STEP][PASSED] - else if (password.length() < 5): Element 'Object Repository/Invalid_SignIn_And_SignUp/Text_Password Length_SignIn' is visible

2022-12-21 17:18:39 - [TEST_STEP][PASSED] - verifyElementVisible(findTestObject("Invalid_SignIn_And_SignUp/Text_Password Length_SignIn"), 0): Element 'Object Repository/Invalid_SignIn_And_SignUp/Text_Password Length_SignIn' is visible

2022-12-21 17:18:39 - [MESSAGE][WARNING] - Timeout '0' is invalid. Using default page load timeout: '30'

2022-12-21 17:18:40 - [MESSAGE][PASSED] - Element 'Object Repository/Invalid_SignIn_And_SignUp/Text_Password Length_SignIn' is visible

2022-12-21 17:18:40 - [TEST_STEP][PASSED] - if (email == ""): null

2022-12-21 17:18:40 - [TEST_STEP][PASSED] - if (password == ""): null

2022-12-21 17:18:40 - [TEST_STEP][PASSED] - else if (password.length() < 5): Element 'Object Repository/Invalid_SignIn_And_SignUp/Text_Password Length_SignIn' is visible

2022-12-21 17:18:40 - [TEST_STEP][PASSED] - verifyElementVisible(findTestObject("Invalid_SignIn_And_SignUp/Text_Password Length_SignIn"), 0): Element 'Object Repository/Invalid_SignIn_And_SignUp/Text_Password Length_SignIn' is visible

2022-12-21 17:18:40 - [MESSAGE][WARNING] - Timeout '0' is invalid. Using default page load timeout: '30'

2022-12-21 17:18:40 - [MESSAGE][PASSED] - Element 'Object Repository/Invalid_SignIn_And_SignUp/Text_Password Length_SignIn' is visible

2022-12-21 17:18:40 - [TEST_STEP][PASSED] - if (email == ""): null

2022-12-21 17:18:40 - [TEST_STEP][PASSED] - if (password == ""): null

2022-12-21 17:18:40 - [TEST_STEP][PASSED] - else if (password.length() < 5): Element 'Object Repository/Invalid_SignIn_And_SignUp/Text_Password Length_SignIn' is visible

2022-12-21 17:18:40 - [TEST_STEP][PASSED] - verifyElementVisible(findTestObject("Invalid_SignIn_And_SignUp/Text_Password Length_SignIn"), 0): Element 'Object Repository/Invalid_SignIn_And_SignUp/Text_Password Length_SignIn' is visible

2022-12-21 17:18:40 - [MESSAGE][WARNING] - Timeout '0' is invalid. Using default page load timeout: '30'

2022-12-21 17:18:40 - [MESSAGE][PASSED] - Element 'Object Repository/Invalid_SignIn_And_SignUp/Text_Password Length_SignIn' is visible

2022-12-21 17:18:40 - [TEST_STEP][PASSED] - if (email == ""): null

2022-12-21 17:18:40 - [TEST_STEP][PASSED] - if (password == ""): null

2022-12-21 17:18:40 - [TEST_STEP][PASSED] - else if (password.length() < 5): Element 'Object Repository/Invalid_SignIn_And_SignUp/Text_Password Length_SignIn' is visible

2022-12-21 17:18:40 - [TEST_STEP][PASSED] - verifyElementVisible(findTestObject("Invalid_SignIn_And_SignUp/Text_Password Length_SignIn"), 0): Element 'Object Repository/Invalid_SignIn_And_SignUp/Text_Password Length_SignIn' is visible

2022-12-21 17:18:40 - [MESSAGE][WARNING] - Timeout '0' is invalid. Using default page load timeout: '30'

2022-12-21 17:18:40 - [MESSAGE][PASSED] - Element 'Object Repository/Invalid_SignIn_And_SignUp/Text_Password Length_SignIn' is visible

2022-12-21 17:18:40 - [TEST_STEP][PASSED] - if (email == ""): null

2022-12-21 17:18:40 - [TEST_STEP][PASSED] - if (password == ""): null

2022-12-21 17:18:40 - [TEST_STEP][PASSED] - else if (password.length() < 5): Element 'Object Repository/Invalid_SignIn_And_SignUp/Text_Password Length_SignIn' is visible

2022-12-21 17:18:40 - [TEST_STEP][PASSED] - verifyElementVisible(findTestObject("Invalid_SignIn_And_SignUp/Text_Password Length_SignIn"), 0): Element 'Object Repository/Invalid_SignIn_And_SignUp/Text_Password Length_SignIn' is visible

2022-12-21 17:18:41 - [MESSAGE][WARNING] - Timeout '0' is invalid. Using default page load timeout: '30'

2022-12-21 17:18:41 - [MESSAGE][PASSED] - Element 'Object Repository/Invalid_SignIn_And_SignUp/Text_Password Length_SignIn' is visible]]></system-out>
         <system-err><![CDATA[]]></system-err>
      </testcase>
      <system-out><![CDATA[2022-12-21 17:12:20 - [TEST_SUITE][FAILED] - SignInInvalid: Test Cases/A_Authentication/TC_00_SignIn Invalid FAILED.
Reason:
com.kms.katalon.core.exception.StepFailedException: Failed to tap on element 'Object Repository/invalid1/SignIn/android.view.View' (Root cause: org.openqa.selenium.StaleElementReferenceException: Cached elements 'By.xpath: //hierarchy/android.widget.FrameLayout[1]/android.widget.LinearLayout[1]/android.widget.FrameLayout[1]/android.widget.FrameLayout[1]/android.view.View[1]/android.view.View[1]/android.view.View[1]/android.view.View[1]' do not exist in DOM anymore
For documentation on this error, please visit: https://www.seleniumhq.org/exceptions/stale_element_reference.html
Build info: version: '3.141.59', revision: 'e82be7d358', time: '2018-11-14T08:25:53'
System info: host: 'LAPTOP-N3L575R3', ip: '192.168.43.87', os.name: 'Windows 10', os.arch: 'amd64', os.version: '10.0', java.version: '1.8.0_282'
Driver info: com.kms.katalon.core.appium.driver.SwipeableAndroidDriver
Capabilities {app: C:\Users\User\Downloads\Med..., appPackage: com.example.hms_16, autoGrantPermissions: true, automationName: uiautomator2, chromedriverPort: 50884, databaseEnabled: false, desired: {app: C:\Users\User\Downloads\Med..., autoGrantPermissions: true, automationName: uiautomator2, chromedriverPort: 50884, deviceName: emulator-5554 (AOSP on IA E..., fullReset: true, newCommandTimeout: 1800, noReset: false, platform: ANDROID, platformName: android, platformVersion: 9, systemPort: 51599, udid: emulator-5554}, deviceApiLevel: 28, deviceManufacturer: Google, deviceModel: AOSP on IA Emulator, deviceName: emulator-5554, deviceScreenDensity: 420, deviceScreenSize: 1080x1920, deviceUDID: emulator-5554, fullReset: true, javascriptEnabled: true, locationContextEnabled: false, networkConnectionEnabled: true, newCommandTimeout: 1800, noReset: false, pixelRatio: 2.625, platform: ANDROID, platformName: Android, platformVersion: 9, statBarHeight: 63, systemPort: 51599, takesScreenshot: true, udid: emulator-5554, viewportRect: {height: 1731, left: 0, top: 63, width: 1080}, warnings: {}, webStorageEnabled: false}
Session ID: 6d0a8f80-9196-44b7-9916-922a2f41abe3
	at org.openqa.selenium.remote.http.W3CHttpResponseCodec.createException(W3CHttpResponseCodec.java:187)
	at org.openqa.selenium.remote.http.W3CHttpResponseCodec.decode(W3CHttpResponseCodec.java:122)
	at org.openqa.selenium.remote.http.W3CHttpResponseCodec.decode(W3CHttpResponseCodec.java:49)
	at org.openqa.selenium.remote.HttpCommandExecutor.execute(HttpCommandExecutor.java:158)
	at io.appium.java_client.remote.AppiumCommandExecutor.execute(AppiumCommandExecutor.java:239)
	at org.openqa.selenium.remote.RemoteWebDriver.execute(RemoteWebDriver.java:552)
	at io.appium.java_client.DefaultGenericMobileDriver.execute(DefaultGenericMobileDriver.java:42)
	at io.appium.java_client.AppiumDriver.execute(AppiumDriver.java:1)
	at io.appium.java_client.android.AndroidDriver.execute(AndroidDriver.java:1)
	at com.kms.katalon.core.appium.driver.SwipeableAndroidDriver.execute(SwipeableAndroidDriver.java:1)
	at org.openqa.selenium.remote.RemoteWebElement.execute(RemoteWebElement.java:285)
	at io.appium.java_client.DefaultGenericMobileElement.execute(DefaultGenericMobileElement.java:45)
	at io.appium.java_client.MobileElement.execute(MobileElement.java:1)
	at io.appium.java_client.android.AndroidElement.execute(AndroidElement.java:1)
	at org.openqa.selenium.remote.RemoteWebElement.getLocation(RemoteWebElement.java:337)
	at org.openqa.selenium.WebElement$getLocation.call(Unknown Source)
	at com.kms.katalon.core.mobile.keyword.internal.MobileAbstractKeyword.findElement(MobileAbstractKeyword.groovy:86)
	at com.kms.katalon.core.mobile.keyword.builtin.TapKeyword.access$1(TapKeyword.groovy)
	at com.kms.katalon.core.mobile.keyword.builtin.TapKeyword$_tap_closure1.doCall(TapKeyword.groovy:76)
	at com.kms.katalon.core.mobile.keyword.builtin.TapKeyword$_tap_closure1.call(TapKeyword.groovy)
	at com.kms.katalon.core.mobile.keyword.internal.MobileKeywordMain.runKeyword(MobileKeywordMain.groovy:21)
	at com.kms.katalon.core.mobile.keyword.builtin.TapKeyword.tap(TapKeyword.groovy:84)
	at com.kms.katalon.core.mobile.keyword.builtin.TapKeyword.execute(TapKeyword.groovy:68)
	at com.kms.katalon.core.keyword.internal.KeywordExecutor.executeKeywordForPlatform(KeywordExecutor.groovy:74)
	at com.kms.katalon.core.mobile.keyword.MobileBuiltInKeywords.tap(MobileBuiltInKeywords.groovy:1490)
	at com.kms.katalon.core.mobile.keyword.MobileBuiltInKeywords$tap$0.call(Unknown Source)
	at TC_00_SignIn Invalid.run(TC_00_SignIn Invalid:22)
	at com.kms.katalon.core.main.ScriptEngine.run(ScriptEngine.java:194)
	at com.kms.katalon.core.main.ScriptEngine.runScriptAsRawText(ScriptEngine.java:119)
	at com.kms.katalon.core.main.TestCaseExecutor.runScript(TestCaseExecutor.java:448)
	at com.kms.katalon.core.main.TestCaseExecutor.doExecute(TestCaseExecutor.java:439)
	at com.kms.katalon.core.main.TestCaseExecutor.processExecutionPhase(TestCaseExecutor.java:418)
	at com.kms.katalon.core.main.TestCaseExecutor.accessMainPhase(TestCaseExecutor.java:410)
	at com.kms.katalon.core.main.TestCaseExecutor.execute(TestCaseExecutor.java:285)
	at com.kms.katalon.core.common.CommonExecutor.accessTestCaseMainPhase(CommonExecutor.java:65)
	at com.kms.katalon.core.main.TestSuiteExecutor.accessTestSuiteMainPhase(TestSuiteExecutor.java:151)
	at com.kms.katalon.core.main.TestSuiteExecutor.execute(TestSuiteExecutor.java:106)
	at com.kms.katalon.core.main.TestCaseMain.startTestSuite(TestCaseMain.java:185)
	at com.kms.katalon.core.main.TestCaseMain$startTestSuite$0.call(Unknown Source)
	at TempTestSuite1671617536094.run(TempTestSuite1671617536094.groovy:36)
)
	at com.kms.katalon.core.keyword.internal.KeywordMain.stepFailed(KeywordMain.groovy:50)
	at com.kms.katalon.core.mobile.keyword.internal.MobileKeywordMain.stepFailed(MobileKeywordMain.groovy:40)
	at com.kms.katalon.core.mobile.keyword.internal.MobileKeywordMain.runKeyword(MobileKeywordMain.groovy:23)
	at com.kms.katalon.core.mobile.keyword.builtin.TapKeyword.tap(TapKeyword.groovy:84)
	at com.kms.katalon.core.mobile.keyword.builtin.TapKeyword.execute(TapKeyword.groovy:68)
	at com.kms.katalon.core.keyword.internal.KeywordExecutor.executeKeywordForPlatform(KeywordExecutor.groovy:74)
	at com.kms.katalon.core.mobile.keyword.MobileBuiltInKeywords.tap(MobileBuiltInKeywords.groovy:1490)
	at com.kms.katalon.core.mobile.keyword.MobileBuiltInKeywords$tap$0.call(Unknown Source)
	at TC_00_SignIn Invalid.run(TC_00_SignIn Invalid:22)
	at com.kms.katalon.core.main.ScriptEngine.run(ScriptEngine.java:194)
	at com.kms.katalon.core.main.ScriptEngine.runScriptAsRawText(ScriptEngine.java:119)
	at com.kms.katalon.core.main.TestCaseExecutor.runScript(TestCaseExecutor.java:448)
	at com.kms.katalon.core.main.TestCaseExecutor.doExecute(TestCaseExecutor.java:439)
	at com.kms.katalon.core.main.TestCaseExecutor.processExecutionPhase(TestCaseExecutor.java:418)
	at com.kms.katalon.core.main.TestCaseExecutor.accessMainPhase(TestCaseExecutor.java:410)
	at com.kms.katalon.core.main.TestCaseExecutor.execute(TestCaseExecutor.java:285)
	at com.kms.katalon.core.common.CommonExecutor.accessTestCaseMainPhase(CommonExecutor.java:65)
	at com.kms.katalon.core.main.TestSuiteExecutor.accessTestSuiteMainPhase(TestSuiteExecutor.java:151)
	at com.kms.katalon.core.main.TestSuiteExecutor.execute(TestSuiteExecutor.java:106)
	at com.kms.katalon.core.main.TestCaseMain.startTestSuite(TestCaseMain.java:185)
	at com.kms.katalon.core.main.TestCaseMain$startTestSuite$0.call(Unknown Source)
	at TempTestSuite1671617536094.run(TempTestSuite1671617536094.groovy:36)
Caused by: org.openqa.selenium.StaleElementReferenceException: Cached elements 'By.xpath: //hierarchy/android.widget.FrameLayout[1]/android.widget.LinearLayout[1]/android.widget.FrameLayout[1]/android.widget.FrameLayout[1]/android.view.View[1]/android.view.View[1]/android.view.View[1]/android.view.View[1]' do not exist in DOM anymore
For documentation on this error, please visit: https://www.seleniumhq.org/exceptions/stale_element_reference.html
Build info: version: '3.141.59', revision: 'e82be7d358', time: '2018-11-14T08:25:53'
System info: host: 'LAPTOP-N3L575R3', ip: '192.168.43.87', os.name: 'Windows 10', os.arch: 'amd64', os.version: '10.0', java.version: '1.8.0_282'
Driver info: com.kms.katalon.core.appium.driver.SwipeableAndroidDriver
Capabilities {app: C:\Users\User\Downloads\Med..., appPackage: com.example.hms_16, autoGrantPermissions: true, automationName: uiautomator2, chromedriverPort: 50884, databaseEnabled: false, desired: {app: C:\Users\User\Downloads\Med..., autoGrantPermissions: true, automationName: uiautomator2, chromedriverPort: 50884, deviceName: emulator-5554 (AOSP on IA E..., fullReset: true, newCommandTimeout: 1800, noReset: false, platform: ANDROID, platformName: android, platformVersion: 9, systemPort: 51599, udid: emulator-5554}, deviceApiLevel: 28, deviceManufacturer: Google, deviceModel: AOSP on IA Emulator, deviceName: emulator-5554, deviceScreenDensity: 420, deviceScreenSize: 1080x1920, deviceUDID: emulator-5554, fullReset: true, javascriptEnabled: true, locationContextEnabled: false, networkConnectionEnabled: true, newCommandTimeout: 1800, noReset: false, pixelRatio: 2.625, platform: ANDROID, platformName: Android, platformVersion: 9, statBarHeight: 63, systemPort: 51599, takesScreenshot: true, udid: emulator-5554, viewportRect: {height: 1731, left: 0, top: 63, width: 1080}, warnings: {}, webStorageEnabled: false}
Session ID: 6d0a8f80-9196-44b7-9916-922a2f41abe3
	at org.openqa.selenium.remote.http.W3CHttpResponseCodec.createException(W3CHttpResponseCodec.java:187)
	at org.openqa.selenium.remote.http.W3CHttpResponseCodec.decode(W3CHttpResponseCodec.java:122)
	at org.openqa.selenium.remote.http.W3CHttpResponseCodec.decode(W3CHttpResponseCodec.java:49)
	at org.openqa.selenium.remote.HttpCommandExecutor.execute(HttpCommandExecutor.java:158)
	at io.appium.java_client.remote.AppiumCommandExecutor.execute(AppiumCommandExecutor.java:239)
	at org.openqa.selenium.remote.RemoteWebDriver.execute(RemoteWebDriver.java:552)
	at io.appium.java_client.DefaultGenericMobileDriver.execute(DefaultGenericMobileDriver.java:42)
	at io.appium.java_client.AppiumDriver.execute(AppiumDriver.java:1)
	at io.appium.java_client.android.AndroidDriver.execute(AndroidDriver.java:1)
	at com.kms.katalon.core.appium.driver.SwipeableAndroidDriver.execute(SwipeableAndroidDriver.java:1)
	at org.openqa.selenium.remote.RemoteWebElement.execute(RemoteWebElement.java:285)
	at io.appium.java_client.DefaultGenericMobileElement.execute(DefaultGenericMobileElement.java:45)
	at io.appium.java_client.MobileElement.execute(MobileElement.java:1)
	at io.appium.java_client.android.AndroidElement.execute(AndroidElement.java:1)
	at org.openqa.selenium.remote.RemoteWebElement.getLocation(RemoteWebElement.java:337)
	at org.openqa.selenium.WebElement$getLocation.call(Unknown Source)
	at com.kms.katalon.core.mobile.keyword.internal.MobileAbstractKeyword.findElement(MobileAbstractKeyword.groovy:86)
	at com.kms.katalon.core.mobile.keyword.builtin.TapKeyword.access$1(TapKeyword.groovy)
	at com.kms.katalon.core.mobile.keyword.builtin.TapKeyword$_tap_closure1.doCall(TapKeyword.groovy:76)
	at com.kms.katalon.core.mobile.keyword.builtin.TapKeyword$_tap_closure1.call(TapKeyword.groovy)
	at com.kms.katalon.core.mobile.keyword.internal.MobileKeywordMain.runKeyword(MobileKeywordMain.groovy:21)
	... 19 more]]></system-out>
      <system-err><![CDATA[2022-12-21 17:12:20 - [TEST_SUITE][FAILED] - SignInInvalid: Test Cases/A_Authentication/TC_00_SignIn Invalid FAILED.
Reason:
com.kms.katalon.core.exception.StepFailedException: Failed to tap on element 'Object Repository/invalid1/SignIn/android.view.View' (Root cause: org.openqa.selenium.StaleElementReferenceException: Cached elements 'By.xpath: //hierarchy/android.widget.FrameLayout[1]/android.widget.LinearLayout[1]/android.widget.FrameLayout[1]/android.widget.FrameLayout[1]/android.view.View[1]/android.view.View[1]/android.view.View[1]/android.view.View[1]' do not exist in DOM anymore
For documentation on this error, please visit: https://www.seleniumhq.org/exceptions/stale_element_reference.html
Build info: version: '3.141.59', revision: 'e82be7d358', time: '2018-11-14T08:25:53'
System info: host: 'LAPTOP-N3L575R3', ip: '192.168.43.87', os.name: 'Windows 10', os.arch: 'amd64', os.version: '10.0', java.version: '1.8.0_282'
Driver info: com.kms.katalon.core.appium.driver.SwipeableAndroidDriver
Capabilities {app: C:\Users\User\Downloads\Med..., appPackage: com.example.hms_16, autoGrantPermissions: true, automationName: uiautomator2, chromedriverPort: 50884, databaseEnabled: false, desired: {app: C:\Users\User\Downloads\Med..., autoGrantPermissions: true, automationName: uiautomator2, chromedriverPort: 50884, deviceName: emulator-5554 (AOSP on IA E..., fullReset: true, newCommandTimeout: 1800, noReset: false, platform: ANDROID, platformName: android, platformVersion: 9, systemPort: 51599, udid: emulator-5554}, deviceApiLevel: 28, deviceManufacturer: Google, deviceModel: AOSP on IA Emulator, deviceName: emulator-5554, deviceScreenDensity: 420, deviceScreenSize: 1080x1920, deviceUDID: emulator-5554, fullReset: true, javascriptEnabled: true, locationContextEnabled: false, networkConnectionEnabled: true, newCommandTimeout: 1800, noReset: false, pixelRatio: 2.625, platform: ANDROID, platformName: Android, platformVersion: 9, statBarHeight: 63, systemPort: 51599, takesScreenshot: true, udid: emulator-5554, viewportRect: {height: 1731, left: 0, top: 63, width: 1080}, warnings: {}, webStorageEnabled: false}
Session ID: 6d0a8f80-9196-44b7-9916-922a2f41abe3
	at org.openqa.selenium.remote.http.W3CHttpResponseCodec.createException(W3CHttpResponseCodec.java:187)
	at org.openqa.selenium.remote.http.W3CHttpResponseCodec.decode(W3CHttpResponseCodec.java:122)
	at org.openqa.selenium.remote.http.W3CHttpResponseCodec.decode(W3CHttpResponseCodec.java:49)
	at org.openqa.selenium.remote.HttpCommandExecutor.execute(HttpCommandExecutor.java:158)
	at io.appium.java_client.remote.AppiumCommandExecutor.execute(AppiumCommandExecutor.java:239)
	at org.openqa.selenium.remote.RemoteWebDriver.execute(RemoteWebDriver.java:552)
	at io.appium.java_client.DefaultGenericMobileDriver.execute(DefaultGenericMobileDriver.java:42)
	at io.appium.java_client.AppiumDriver.execute(AppiumDriver.java:1)
	at io.appium.java_client.android.AndroidDriver.execute(AndroidDriver.java:1)
	at com.kms.katalon.core.appium.driver.SwipeableAndroidDriver.execute(SwipeableAndroidDriver.java:1)
	at org.openqa.selenium.remote.RemoteWebElement.execute(RemoteWebElement.java:285)
	at io.appium.java_client.DefaultGenericMobileElement.execute(DefaultGenericMobileElement.java:45)
	at io.appium.java_client.MobileElement.execute(MobileElement.java:1)
	at io.appium.java_client.android.AndroidElement.execute(AndroidElement.java:1)
	at org.openqa.selenium.remote.RemoteWebElement.getLocation(RemoteWebElement.java:337)
	at org.openqa.selenium.WebElement$getLocation.call(Unknown Source)
	at com.kms.katalon.core.mobile.keyword.internal.MobileAbstractKeyword.findElement(MobileAbstractKeyword.groovy:86)
	at com.kms.katalon.core.mobile.keyword.builtin.TapKeyword.access$1(TapKeyword.groovy)
	at com.kms.katalon.core.mobile.keyword.builtin.TapKeyword$_tap_closure1.doCall(TapKeyword.groovy:76)
	at com.kms.katalon.core.mobile.keyword.builtin.TapKeyword$_tap_closure1.call(TapKeyword.groovy)
	at com.kms.katalon.core.mobile.keyword.internal.MobileKeywordMain.runKeyword(MobileKeywordMain.groovy:21)
	at com.kms.katalon.core.mobile.keyword.builtin.TapKeyword.tap(TapKeyword.groovy:84)
	at com.kms.katalon.core.mobile.keyword.builtin.TapKeyword.execute(TapKeyword.groovy:68)
	at com.kms.katalon.core.keyword.internal.KeywordExecutor.executeKeywordForPlatform(KeywordExecutor.groovy:74)
	at com.kms.katalon.core.mobile.keyword.MobileBuiltInKeywords.tap(MobileBuiltInKeywords.groovy:1490)
	at com.kms.katalon.core.mobile.keyword.MobileBuiltInKeywords$tap$0.call(Unknown Source)
	at TC_00_SignIn Invalid.run(TC_00_SignIn Invalid:22)
	at com.kms.katalon.core.main.ScriptEngine.run(ScriptEngine.java:194)
	at com.kms.katalon.core.main.ScriptEngine.runScriptAsRawText(ScriptEngine.java:119)
	at com.kms.katalon.core.main.TestCaseExecutor.runScript(TestCaseExecutor.java:448)
	at com.kms.katalon.core.main.TestCaseExecutor.doExecute(TestCaseExecutor.java:439)
	at com.kms.katalon.core.main.TestCaseExecutor.processExecutionPhase(TestCaseExecutor.java:418)
	at com.kms.katalon.core.main.TestCaseExecutor.accessMainPhase(TestCaseExecutor.java:410)
	at com.kms.katalon.core.main.TestCaseExecutor.execute(TestCaseExecutor.java:285)
	at com.kms.katalon.core.common.CommonExecutor.accessTestCaseMainPhase(CommonExecutor.java:65)
	at com.kms.katalon.core.main.TestSuiteExecutor.accessTestSuiteMainPhase(TestSuiteExecutor.java:151)
	at com.kms.katalon.core.main.TestSuiteExecutor.execute(TestSuiteExecutor.java:106)
	at com.kms.katalon.core.main.TestCaseMain.startTestSuite(TestCaseMain.java:185)
	at com.kms.katalon.core.main.TestCaseMain$startTestSuite$0.call(Unknown Source)
	at TempTestSuite1671617536094.run(TempTestSuite1671617536094.groovy:36)
)
	at com.kms.katalon.core.keyword.internal.KeywordMain.stepFailed(KeywordMain.groovy:50)
	at com.kms.katalon.core.mobile.keyword.internal.MobileKeywordMain.stepFailed(MobileKeywordMain.groovy:40)
	at com.kms.katalon.core.mobile.keyword.internal.MobileKeywordMain.runKeyword(MobileKeywordMain.groovy:23)
	at com.kms.katalon.core.mobile.keyword.builtin.TapKeyword.tap(TapKeyword.groovy:84)
	at com.kms.katalon.core.mobile.keyword.builtin.TapKeyword.execute(TapKeyword.groovy:68)
	at com.kms.katalon.core.keyword.internal.KeywordExecutor.executeKeywordForPlatform(KeywordExecutor.groovy:74)
	at com.kms.katalon.core.mobile.keyword.MobileBuiltInKeywords.tap(MobileBuiltInKeywords.groovy:1490)
	at com.kms.katalon.core.mobile.keyword.MobileBuiltInKeywords$tap$0.call(Unknown Source)
	at TC_00_SignIn Invalid.run(TC_00_SignIn Invalid:22)
	at com.kms.katalon.core.main.ScriptEngine.run(ScriptEngine.java:194)
	at com.kms.katalon.core.main.ScriptEngine.runScriptAsRawText(ScriptEngine.java:119)
	at com.kms.katalon.core.main.TestCaseExecutor.runScript(TestCaseExecutor.java:448)
	at com.kms.katalon.core.main.TestCaseExecutor.doExecute(TestCaseExecutor.java:439)
	at com.kms.katalon.core.main.TestCaseExecutor.processExecutionPhase(TestCaseExecutor.java:418)
	at com.kms.katalon.core.main.TestCaseExecutor.accessMainPhase(TestCaseExecutor.java:410)
	at com.kms.katalon.core.main.TestCaseExecutor.execute(TestCaseExecutor.java:285)
	at com.kms.katalon.core.common.CommonExecutor.accessTestCaseMainPhase(CommonExecutor.java:65)
	at com.kms.katalon.core.main.TestSuiteExecutor.accessTestSuiteMainPhase(TestSuiteExecutor.java:151)
	at com.kms.katalon.core.main.TestSuiteExecutor.execute(TestSuiteExecutor.java:106)
	at com.kms.katalon.core.main.TestCaseMain.startTestSuite(TestCaseMain.java:185)
	at com.kms.katalon.core.main.TestCaseMain$startTestSuite$0.call(Unknown Source)
	at TempTestSuite1671617536094.run(TempTestSuite1671617536094.groovy:36)
Caused by: org.openqa.selenium.StaleElementReferenceException: Cached elements 'By.xpath: //hierarchy/android.widget.FrameLayout[1]/android.widget.LinearLayout[1]/android.widget.FrameLayout[1]/android.widget.FrameLayout[1]/android.view.View[1]/android.view.View[1]/android.view.View[1]/android.view.View[1]' do not exist in DOM anymore
For documentation on this error, please visit: https://www.seleniumhq.org/exceptions/stale_element_reference.html
Build info: version: '3.141.59', revision: 'e82be7d358', time: '2018-11-14T08:25:53'
System info: host: 'LAPTOP-N3L575R3', ip: '192.168.43.87', os.name: 'Windows 10', os.arch: 'amd64', os.version: '10.0', java.version: '1.8.0_282'
Driver info: com.kms.katalon.core.appium.driver.SwipeableAndroidDriver
Capabilities {app: C:\Users\User\Downloads\Med..., appPackage: com.example.hms_16, autoGrantPermissions: true, automationName: uiautomator2, chromedriverPort: 50884, databaseEnabled: false, desired: {app: C:\Users\User\Downloads\Med..., autoGrantPermissions: true, automationName: uiautomator2, chromedriverPort: 50884, deviceName: emulator-5554 (AOSP on IA E..., fullReset: true, newCommandTimeout: 1800, noReset: false, platform: ANDROID, platformName: android, platformVersion: 9, systemPort: 51599, udid: emulator-5554}, deviceApiLevel: 28, deviceManufacturer: Google, deviceModel: AOSP on IA Emulator, deviceName: emulator-5554, deviceScreenDensity: 420, deviceScreenSize: 1080x1920, deviceUDID: emulator-5554, fullReset: true, javascriptEnabled: true, locationContextEnabled: false, networkConnectionEnabled: true, newCommandTimeout: 1800, noReset: false, pixelRatio: 2.625, platform: ANDROID, platformName: Android, platformVersion: 9, statBarHeight: 63, systemPort: 51599, takesScreenshot: true, udid: emulator-5554, viewportRect: {height: 1731, left: 0, top: 63, width: 1080}, warnings: {}, webStorageEnabled: false}
Session ID: 6d0a8f80-9196-44b7-9916-922a2f41abe3
	at org.openqa.selenium.remote.http.W3CHttpResponseCodec.createException(W3CHttpResponseCodec.java:187)
	at org.openqa.selenium.remote.http.W3CHttpResponseCodec.decode(W3CHttpResponseCodec.java:122)
	at org.openqa.selenium.remote.http.W3CHttpResponseCodec.decode(W3CHttpResponseCodec.java:49)
	at org.openqa.selenium.remote.HttpCommandExecutor.execute(HttpCommandExecutor.java:158)
	at io.appium.java_client.remote.AppiumCommandExecutor.execute(AppiumCommandExecutor.java:239)
	at org.openqa.selenium.remote.RemoteWebDriver.execute(RemoteWebDriver.java:552)
	at io.appium.java_client.DefaultGenericMobileDriver.execute(DefaultGenericMobileDriver.java:42)
	at io.appium.java_client.AppiumDriver.execute(AppiumDriver.java:1)
	at io.appium.java_client.android.AndroidDriver.execute(AndroidDriver.java:1)
	at com.kms.katalon.core.appium.driver.SwipeableAndroidDriver.execute(SwipeableAndroidDriver.java:1)
	at org.openqa.selenium.remote.RemoteWebElement.execute(RemoteWebElement.java:285)
	at io.appium.java_client.DefaultGenericMobileElement.execute(DefaultGenericMobileElement.java:45)
	at io.appium.java_client.MobileElement.execute(MobileElement.java:1)
	at io.appium.java_client.android.AndroidElement.execute(AndroidElement.java:1)
	at org.openqa.selenium.remote.RemoteWebElement.getLocation(RemoteWebElement.java:337)
	at org.openqa.selenium.WebElement$getLocation.call(Unknown Source)
	at com.kms.katalon.core.mobile.keyword.internal.MobileAbstractKeyword.findElement(MobileAbstractKeyword.groovy:86)
	at com.kms.katalon.core.mobile.keyword.builtin.TapKeyword.access$1(TapKeyword.groovy)
	at com.kms.katalon.core.mobile.keyword.builtin.TapKeyword$_tap_closure1.doCall(TapKeyword.groovy:76)
	at com.kms.katalon.core.mobile.keyword.builtin.TapKeyword$_tap_closure1.call(TapKeyword.groovy)
	at com.kms.katalon.core.mobile.keyword.internal.MobileKeywordMain.runKeyword(MobileKeywordMain.groovy:21)
	... 19 more]]></system-err>
   </testsuite>
</testsuites>
